\BOOKMARK [1][-]{section.1}{\376\377\000I\000n\000t\000r\000o\000d\000u\000c\000t\000i\000o\000n}{}% 1
\BOOKMARK [1][-]{section.2}{\376\377\000R\000e\000l\000a\000t\000e\000d\000\040\000W\000o\000r\000k}{}% 2
\BOOKMARK [2][-]{subsection.2.1}{\376\377\000E\000v\000a\000l\000u\000a\000t\000i\000o\000n\000,\000\040\000B\000a\000c\000k\000t\000e\000s\000t\000i\000n\000g\000,\000\040\000a\000n\000d\000\040\000S\000t\000a\000t\000i\000s\000t\000i\000c\000a\000l\000\040\000V\000a\000l\000i\000d\000i\000t\000y\000\040\000i\000n\000\040\000T\000r\000a\000d\000i\000n\000g}{section.2}% 3
\BOOKMARK [2][-]{subsection.2.2}{\376\377\000I\000n\000t\000e\000r\000p\000r\000e\000t\000a\000b\000l\000e\000\040\000A\000l\000p\000h\000a\000\040\000D\000i\000s\000c\000o\000v\000e\000r\000y\000\040\000a\000n\000d\000\040\000F\000o\000r\000m\000u\000l\000a\000i\000c\000\040\000T\000r\000a\000d\000i\000n\000g\000\040\000S\000i\000g\000n\000a\000l\000s}{section.2}% 4
\BOOKMARK [2][-]{subsection.2.3}{\376\377\000B\000l\000a\000c\000k\000-\000B\000o\000x\000\040\000L\000e\000a\000r\000n\000i\000n\000g\000\040\000f\000o\000r\000\040\000T\000r\000a\000d\000i\000n\000g\000\040\000a\000n\000d\000\040\000t\000h\000e\000\040\000I\000n\000t\000e\000r\000p\000r\000e\000t\000a\000b\000i\000l\000i\000t\000y\000\040\000G\000a\000p}{section.2}% 5
\BOOKMARK [2][-]{subsection.2.4}{\376\377\000S\000y\000m\000b\000o\000l\000i\000c\000\040\000R\000e\000g\000r\000e\000s\000s\000i\000o\000n\000\040\000f\000o\000r\000\040\000T\000i\000m\000e\000\040\000S\000e\000r\000i\000e\000s\000:\000\040\000E\000v\000o\000l\000u\000t\000i\000o\000n\000a\000r\000y\000,\000\040\000G\000r\000a\000m\000m\000a\000r\000-\000B\000a\000s\000e\000d\000,\000\040\000a\000n\000d\000\040\000N\000e\000u\000r\000a\000l}{section.2}% 6
\BOOKMARK [2][-]{subsection.2.5}{\376\377\000N\000e\000u\000r\000a\000l\000-\000G\000u\000i\000d\000e\000d\000\040\000S\000e\000a\000r\000c\000h\000\040\000a\000n\000d\000\040\000M\000C\000T\000S\000\040\000f\000o\000r\000\040\000S\000y\000m\000b\000o\000l\000i\000c\000\040\000D\000i\000s\000c\000o\000v\000e\000r\000y}{section.2}% 7
\BOOKMARK [2][-]{subsection.2.6}{\376\377\000D\000i\000s\000t\000r\000i\000b\000u\000t\000i\000o\000n\000a\000l\000\040\000M\000e\000t\000r\000i\000c\000s\000,\000\040\000O\000p\000t\000i\000m\000a\000l\000\040\000T\000r\000a\000n\000s\000p\000o\000r\000t\000,\000\040\000a\000n\000d\000\040\000R\000i\000s\000k\000-\000S\000e\000n\000s\000i\000t\000i\000v\000e\000\040\000L\000e\000a\000r\000n\000i\000n\000g}{section.2}% 8
\BOOKMARK [2][-]{subsection.2.7}{\376\377\000E\000x\000p\000l\000a\000i\000n\000a\000b\000i\000l\000i\000t\000y\000,\000\040\000R\000o\000b\000u\000s\000t\000n\000e\000s\000s\000,\000\040\000a\000n\000d\000\040\000R\000e\000g\000u\000l\000a\000t\000i\000o\000n\000\040\000i\000n\000\040\000F\000i\000n\000a\000n\000c\000e}{section.2}% 9
\BOOKMARK [2][-]{subsection.2.8}{\376\377\000P\000o\000s\000i\000t\000i\000o\000n\000i\000n\000g\000\040\000o\000f\000\040\000E\000A\000T\000A}{section.2}% 10
\BOOKMARK [1][-]{section.3}{\376\377\000M\000e\000t\000h\000o\000d\000o\000l\000o\000g\000y}{}% 11
\BOOKMARK [2][-]{subsection.3.1}{\376\377\000P\000r\000o\000b\000l\000e\000m\000\040\000F\000o\000r\000m\000u\000l\000a\000t\000i\000o\000n}{section.3}% 12
\BOOKMARK [2][-]{subsection.3.2}{\376\377\000D\000o\000m\000a\000i\000n\000-\000S\000p\000e\000c\000i\000f\000i\000c\000\040\000G\000r\000a\000m\000m\000a\000r\000\040\000D\000e\000s\000i\000g\000n}{section.3}% 13
\BOOKMARK [2][-]{subsection.3.3}{\376\377\000N\000e\000u\000r\000a\000l\000-\000G\000u\000i\000d\000e\000d\000\040\000M\000o\000n\000t\000e\000\040\000C\000a\000r\000l\000o\000\040\000T\000r\000e\000e\000\040\000S\000e\000a\000r\000c\000h}{section.3}% 14
\BOOKMARK [2][-]{subsection.3.4}{\376\377\000E\000x\000p\000r\000e\000s\000s\000i\000o\000n\000\040\000S\000c\000o\000r\000i\000n\000g\000\040\000w\000i\000t\000h\000\040\000C\000o\000e\000f\000f\000i\000c\000i\000e\000n\000t\000\040\000O\000p\000t\000i\000m\000i\000z\000a\000t\000i\000o\000n}{section.3}% 15
\BOOKMARK [2][-]{subsection.3.5}{\376\377\000G\000r\000a\000m\000m\000a\000r\000\040\000A\000u\000g\000m\000e\000n\000t\000a\000t\000i\000o\000n\000\040\000v\000i\000a\000\040\000M\000o\000d\000u\000l\000e\000\040\000E\000x\000t\000r\000a\000c\000t\000i\000o\000n}{section.3}% 16
\BOOKMARK [2][-]{subsection.3.6}{\376\377\000P\000r\000o\000f\000i\000t\000-\000A\000w\000a\000r\000e\000\040\000R\000L\000\040\000R\000e\000w\000a\000r\000d\000\040\000v\000i\000a\000\040\000W\000a\000s\000s\000e\000r\000s\000t\000e\000i\000n\000\040\000D\000i\000s\000t\000a\000n\000c\000e}{section.3}% 17
\BOOKMARK [3][-]{subsubsection.3.6.1}{\376\377\000R\000e\000w\000a\000r\000d\000\040\000S\000e\000m\000a\000n\000t\000i\000c\000s\000,\000\040\000T\000r\000a\000i\000n\000i\000n\000g\000\040\000T\000a\000r\000g\000e\000t\000s\000,\000\040\000a\000n\000d\000\040\000O\000b\000j\000e\000c\000t\000i\000v\000e\000\040\000V\000a\000r\000i\000a\000n\000t\000s}{subsection.3.6}% 18
\BOOKMARK [2][-]{subsection.3.7}{\376\377\000T\000h\000r\000e\000e\000-\000H\000e\000a\000d\000e\000d\000\040\000P\000o\000l\000i\000c\000y\000-\000V\000a\000l\000u\000e\000-\000P\000r\000o\000f\000i\000t\000\040\000N\000e\000t\000w\000o\000r\000k}{section.3}% 19
\BOOKMARK [2][-]{subsection.3.8}{\376\377\000O\000v\000e\000r\000a\000l\000l\000\040\000T\000r\000a\000i\000n\000i\000n\000g\000\040\000P\000i\000p\000e\000l\000i\000n\000e}{section.3}% 20
\BOOKMARK [2][-]{subsection.3.9}{\376\377\000T\000r\000a\000d\000i\000n\000g\000\040\000S\000i\000g\000n\000a\000l\000\040\000G\000e\000n\000e\000r\000a\000t\000i\000o\000n}{section.3}% 21
\BOOKMARK [2][-]{subsection.3.10}{\376\377\000C\000o\000m\000p\000l\000e\000x\000i\000t\000y\000\040\000A\000n\000a\000l\000y\000s\000i\000s}{section.3}% 22
\BOOKMARK [1][-]{section.4}{\376\377\000E\000x\000p\000e\000r\000i\000m\000e\000n\000t\000s}{}% 23
\BOOKMARK [2][-]{subsection.4.1}{\376\377\000S\000\046\000P\000\040\0005\0000\0000\000\040\000E\000v\000a\000l\000u\000a\000t\000i\000o\000n}{section.4}% 24
\BOOKMARK [2][-]{subsection.4.2}{\376\377\000B\000a\000s\000e\000l\000i\000n\000e\000s}{section.4}% 25
\BOOKMARK [2][-]{subsection.4.3}{\376\377\000M\000a\000i\000n\000\040\000R\000e\000s\000u\000l\000t\000s\000:\000\040\000P\000r\000o\000f\000i\000t\000a\000b\000i\000l\000i\000t\000y\000\040\000v\000s\000.\000\040\000B\000l\000a\000c\000k\000-\000B\000o\000x\000\040\000\050\000R\000Q\0003\000\051}{section.4}% 26
\BOOKMARK [3][-]{subsubsection.4.3.1}{\376\377\000P\000e\000r\000f\000o\000r\000m\000a\000n\000c\000e\000\040\000C\000o\000m\000p\000a\000r\000i\000s\000o\000n}{subsection.4.3}% 27
\BOOKMARK [2][-]{subsection.4.4}{\376\377\000T\000h\000r\000e\000a\000t\000s\000\040\000t\000o\000\040\000V\000a\000l\000i\000d\000i\000t\000y\000\040\000a\000n\000d\000\040\000M\000i\000t\000i\000g\000a\000t\000i\000o\000n\000s}{section.4}% 28
\BOOKMARK [3][-]{subsubsection.4.4.1}{\376\377\000C\000u\000m\000u\000l\000a\000t\000i\000v\000e\000\040\000R\000e\000t\000u\000r\000n\000s}{subsection.4.4}% 29
\BOOKMARK [3][-]{subsubsection.4.4.2}{\376\377\000S\000t\000r\000a\000t\000e\000g\000y\000\040\000C\000o\000r\000r\000e\000l\000a\000t\000i\000o\000n}{subsection.4.4}% 30
\BOOKMARK [2][-]{subsection.4.5}{\376\377\000M\000e\000c\000h\000a\000n\000i\000s\000m\000\040\000A\000n\000a\000l\000y\000s\000i\000s\000:\000\040\000W\000a\000s\000s\000e\000r\000s\000t\000e\000i\000n\000\040\000v\000s\000.\000\040\000M\000S\000E\000\040\000\050\000R\000Q\0001\000\051}{section.4}% 31
\BOOKMARK [3][-]{subsubsection.4.5.1}{\376\377\000R\000e\000t\000u\000r\000n\000\040\000D\000i\000s\000t\000r\000i\000b\000u\000t\000i\000o\000n}{subsection.4.5}% 32
\BOOKMARK [3][-]{subsubsection.4.5.2}{\376\377\000R\000i\000s\000k\000-\000R\000e\000t\000u\000r\000n\000\040\000T\000r\000a\000d\000e\000-\000o\000f\000f}{subsection.4.5}% 33
\BOOKMARK [3][-]{subsubsection.4.5.3}{\376\377\000A\000b\000l\000a\000t\000i\000o\000n\000\040\000S\000t\000u\000d\000y\000:\000\040\000P\000r\000o\000f\000i\000t\000\040\000H\000e\000a\000d}{subsection.4.5}% 34
\BOOKMARK [2][-]{subsection.4.6}{\376\377\000I\000n\000t\000e\000r\000p\000r\000e\000t\000a\000b\000i\000l\000i\000t\000y\000\040\000a\000n\000d\000\040\000S\000e\000a\000r\000c\000h\000\040\000E\000f\000f\000i\000c\000i\000e\000n\000c\000y\000\040\000\050\000R\000Q\0002\000\051}{section.4}% 35
\BOOKMARK [3][-]{subsubsection.4.6.1}{\376\377\000S\000e\000a\000r\000c\000h\000\040\000E\000f\000f\000i\000c\000i\000e\000n\000c\000y}{subsection.4.6}% 36
\BOOKMARK [3][-]{subsubsection.4.6.2}{\376\377\000P\000a\000r\000e\000t\000o\000\040\000F\000r\000o\000n\000t\000i\000e\000r}{subsection.4.6}% 37
\BOOKMARK [2][-]{subsection.4.7}{\376\377\000R\000o\000b\000u\000s\000t\000n\000e\000s\000s\000\040\000C\000h\000e\000c\000k\000s}{section.4}% 38
\BOOKMARK [3][-]{subsubsection.4.7.1}{\376\377\000T\000r\000a\000n\000s\000a\000c\000t\000i\000o\000n\000\040\000C\000o\000s\000t\000s}{subsection.4.7}% 39
\BOOKMARK [1][-]{section.5}{\376\377\000C\000o\000n\000c\000l\000u\000s\000i\000o\000n}{}% 40
\BOOKMARK [1][-]{section*.15}{\376\377\000R\000e\000f\000e\000r\000e\000n\000c\000e\000s}{}% 41
\BOOKMARK [1][-]{section*.16}{\376\377\000A\000p\000p\000e\000n\000d\000i\000x}{}% 42
\BOOKMARK [2][-]{subsection.Appendix.A.1}{\376\377\000F\000u\000l\000l\000\040\000P\000e\000r\000f\000o\000r\000m\000a\000n\000c\000e\000\040\000B\000r\000e\000a\000k\000d\000o\000w\000n}{section*.16}% 43
\BOOKMARK [2][-]{subsection.Appendix.A.2}{\376\377\000S\000e\000a\000r\000c\000h\000\040\000E\000f\000f\000i\000c\000i\000e\000n\000c\000y\000\040\000C\000o\000m\000p\000a\000r\000i\000s\000o\000n}{section*.16}% 44
